New launch at Wed Jul  6 06:39:45 UTC 2022
New launch at Wed Jul  6 06:46:30 UTC 2022
New launch at Wed Jul  6 06:51:02 UTC 2022
New launch at Wed Jul  6 06:56:39 UTC 2022
New launch at Wed Jul  6 06:57:14 UTC 2022
New launch at Wed Jul  6 07:05:10 UTC 2022
genstartServer.sh: 8: main.go: not found
New launch at Wed Jul  6 07:05:25 UTC 2022
genstartServer.sh: 8: main.go: not found
New launch at Wed Jul  6 07:06:11 UTC 2022
New launch at Wed Jul  6 07:25:44 UTC 2022
New launch at Wed Jul  6 07:29:47 UTC 2022
New launch at Wed Jul  6 10:25:44 UTC 2022
New launch at Wed Jul  6 10:33:12 UTC 2022
New launch at Wed Jul  6 10:33:36 UTC 2022
New launch at Wed Jul  6 10:44:44 UTC 2022
New launch at Wed Jul  6 11:31:15 UTC 2022
New launch at Wed Jul  6 11:38:22 UTC 2022
New launch at Wed Jul  6 11:49:47 UTC 2022
New launch at Wed Jul  6 11:52:28 UTC 2022
New launch at Wed Jul  6 12:13:27 UTC 2022
New launch at Thu Jul  7 07:24:03 UTC 2022
New launch at Thu Jul  7 09:55:13 UTC 2022
New launch at Thu Jul  7 10:04:06 UTC 2022
New launch at Thu Jul  7 10:36:27 UTC 2022
New launch at Thu Jul  7 10:46:25 UTC 2022
New launch at Thu Jul  7 10:59:46 UTC 2022
New launch at Thu Jul  7 13:42:46 UTC 2022
New launch at Tue Jul 19 14:18:21 UTC 2022
New launch at Tue Jul 19 15:29:58 UTC 2022
New launch at Tue Jul 19 15:55:33 UTC 2022
New launch at Tue Jul 19 15:55:36 UTC 2022
New launch at Tue Jul 19 16:38:17 UTC 2022
New launch at Tue Jul 19 17:16:54 UTC 2022
New launch at Tue Jul 19 17:34:51 UTC 2022
New launch at Tue Jul 19 18:10:16 UTC 2022
New launch at Tue Jul 19 18:58:29 UTC 2022
New launch at Tue Jul 19 19:05:15 UTC 2022
New launch at Tue Jul 19 19:15:57 UTC 2022
New launch at Tue Jul 19 19:36:05 UTC 2022
New launch at Tue Jul 19 19:38:53 UTC 2022
New launch at Tue Jul 19 19:58:21 UTC 2022
New launch at Tue Jul 19 20:58:56 UTC 2022
New launch at Tue Jul 19 22:19:49 UTC 2022
New launch at Tue Jul 19 22:55:52 UTC 2022
New launch at Tue Jul 19 23:50:13 UTC 2022
New launch at Wed Jul 20 00:34:24 UTC 2022
New launch at Wed Jul 20 00:44:31 UTC 2022
New launch at Wed Jul 20 00:46:06 UTC 2022
New launch at Wed Jul 20 01:09:43 UTC 2022
New launch at Wed Jul 20 01:25:10 UTC 2022
New launch at Wed Jul 20 01:40:41 UTC 2022
New launch at Wed Jul 20 02:02:25 UTC 2022
New launch at Wed Jul 20 02:15:36 UTC 2022
New launch at Wed Jul 20 02:24:53 UTC 2022
New launch at Wed Jul 20 03:48:37 UTC 2022
New launch at Wed Jul 20 04:04:43 UTC 2022
New launch at Wed Jul 20 04:09:18 UTC 2022
New launch at Wed Jul 20 04:37:54 UTC 2022
New launch at Wed Jul 20 05:12:08 UTC 2022
New launch at Wed Jul 20 05:38:22 UTC 2022
New launch at Wed Jul 20 05:45:54 UTC 2022
New launch at Wed Jul 20 06:01:30 UTC 2022
New launch at Wed Jul 20 06:07:03 UTC 2022
New launch at Wed Jul 20 07:23:05 UTC 2022
New launch at Wed Jul 20 07:42:27 UTC 2022
New launch at Fri Jul 22 06:37:27 UTC 2022
New launch at Fri Jul 22 07:39:05 UTC 2022
New launch at Fri Jul 22 08:47:55 UTC 2022
New launch at Fri Jul 22 09:06:16 UTC 2022
New launch at Fri Jul 22 09:37:36 UTC 2022
New launch at Fri Jul 22 09:43:59 UTC 2022
New launch at Fri Jul 22 10:35:29 UTC 2022
New launch at Fri Jul 22 10:59:46 UTC 2022
New launch at Fri Jul 22 11:03:41 UTC 2022
New launch at Fri Jul 22 11:36:48 UTC 2022
New launch at Fri Jul 22 12:06:30 UTC 2022
New launch at Fri Jul 22 13:10:47 UTC 2022
New launch at Fri Jul 22 13:21:12 UTC 2022
New launch at Fri Jul 22 13:39:44 UTC 2022
New launch at Fri Jul 22 14:44:35 UTC 2022
New launch at Fri Jul 22 14:55:42 UTC 2022
New launch at Fri Jul 22 14:56:09 UTC 2022
New launch at Fri Jul 22 15:17:05 UTC 2022
New launch at Fri Jul 22 16:14:30 UTC 2022
New launch at Fri Jul 22 17:29:00 UTC 2022
New launch at Fri Jul 22 18:14:42 UTC 2022
New launch at Fri Jul 22 18:22:04 UTC 2022
New launch at Fri Jul 22 18:25:51 UTC 2022
New launch at Fri Jul 22 18:26:04 UTC 2022
New launch at Fri Jul 22 19:58:46 UTC 2022
New launch at Fri Jul 22 19:59:38 UTC 2022
New launch at Fri Jul 22 19:59:40 UTC 2022
New launch at Fri Jul 22 21:02:51 UTC 2022
New launch at Fri Jul 22 21:14:54 UTC 2022
New launch at Fri Jul 22 21:26:52 UTC 2022
New launch at Sat Jul 23 00:00:54 UTC 2022
New launch at Sat Jul 23 00:21:17 UTC 2022
New launch at Sat Jul 23 01:20:55 UTC 2022
New launch at Sat Jul 23 01:26:50 UTC 2022
New launch at Sat Jul 23 01:40:52 UTC 2022
New launch at Sat Jul 23 02:15:58 UTC 2022
New launch at Sat Jul 23 02:36:55 UTC 2022
New launch at Sat Jul 23 02:40:58 UTC 2022
New launch at Sat Jul 23 02:57:52 UTC 2022
New launch at Sat Jul 23 04:08:22 UTC 2022
New launch at Sat Jul 23 04:44:03 UTC 2022
New launch at Sat Jul 23 04:50:51 UTC 2022
New launch at Sat Jul 23 04:59:47 UTC 2022
New launch at Sat Jul 23 05:56:42 UTC 2022
New launch at Sat Jul 23 06:08:30 UTC 2022
New launch at Sat Jul 23 06:22:31 UTC 2022
New launch at Sat Jul 23 06:22:35 UTC 2022
New launch at Sat Jul 23 06:22:39 UTC 2022
New launch at Sat Jul 23 06:22:43 UTC 2022
New launch at Sat Jul 23 06:22:47 UTC 2022
New launch at Sat Jul 23 07:33:56 UTC 2022
New launch at Sat Jul 23 07:46:08 UTC 2022
New launch at Sat Jul 23 07:51:18 UTC 2022
New launch at Sat Jul 23 07:52:20 UTC 2022
New launch at Sat Jul 23 08:07:32 UTC 2022
New launch at Sat Jul 23 08:44:23 UTC 2022
New launch at Sat Jul 23 08:57:35 UTC 2022
New launch at Sat Jul 23 08:57:45 UTC 2022
New launch at Sat Jul 23 09:21:18 UTC 2022
New launch at Sat Jul 23 11:46:56 UTC 2022
New launch at Sat Jul 23 11:59:18 UTC 2022
New launch at Sat Jul 23 12:04:41 UTC 2022
New launch at Sat Jul 23 12:13:44 UTC 2022
New launch at Sat Jul 23 12:17:02 UTC 2022
New launch at Sat Jul 23 12:51:03 UTC 2022
New launch at Sat Jul 23 13:01:29 UTC 2022
New launch at Sat Jul 23 13:23:58 UTC 2022
New launch at Sat Jul 23 13:33:56 UTC 2022
New launch at Sat Jul 23 13:52:51 UTC 2022
New launch at Sat Jul 23 14:21:33 UTC 2022
New launch at Sat Jul 23 14:32:20 UTC 2022
New launch at Sat Jul 23 14:52:01 UTC 2022
New launch at Sat Jul 23 14:53:13 UTC 2022
New launch at Sat Jul 23 14:59:32 UTC 2022
New launch at Sat Jul 23 15:22:21 UTC 2022
New launch at Sat Jul 23 15:52:51 UTC 2022
New launch at Sat Jul 23 16:27:38 UTC 2022
New launch at Sat Jul 23 16:29:00 UTC 2022
New launch at Sat Jul 23 16:29:33 UTC 2022
New launch at Sat Jul 23 16:44:40 UTC 2022
New launch at Sat Jul 23 16:50:14 UTC 2022
New launch at Sat Jul 23 17:04:06 UTC 2022
New launch at Sat Jul 23 17:19:31 UTC 2022
New launch at Sat Jul 23 17:23:55 UTC 2022
New launch at Sat Jul 23 18:40:29 UTC 2022
New launch at Sat Jul 23 18:58:50 UTC 2022
New launch at Sat Jul 23 19:38:17 UTC 2022
New launch at Sat Jul 23 19:59:07 UTC 2022
New launch at Sat Jul 23 20:07:30 UTC 2022
New launch at Sat Jul 23 20:18:10 UTC 2022
New launch at Sat Jul 23 20:22:55 UTC 2022
New launch at Sat Jul 23 20:23:51 UTC 2022
New launch at Sat Jul 23 20:31:19 UTC 2022
New launch at Sat Jul 23 20:44:33 UTC 2022
New launch at Sat Jul 23 21:38:42 UTC 2022
New launch at Sat Jul 23 21:53:35 UTC 2022
New launch at Sat Jul 23 22:28:16 UTC 2022
New launch at Sat Jul 23 22:29:17 UTC 2022
New launch at Sat Jul 23 22:32:39 UTC 2022
New launch at Sat Jul 23 22:50:34 UTC 2022
New launch at Sat Jul 23 23:11:45 UTC 2022
New launch at Sat Jul 23 23:20:14 UTC 2022
New launch at Sat Jul 23 23:25:29 UTC 2022
New launch at Sat Jul 23 23:31:01 UTC 2022
New launch at Sat Jul 23 23:59:23 UTC 2022
New launch at Sun Jul 24 00:01:41 UTC 2022
New launch at Sun Jul 24 00:40:02 UTC 2022
New launch at Sun Jul 24 00:59:41 UTC 2022
New launch at Sun Jul 24 01:16:05 UTC 2022
New launch at Sun Jul 24 01:27:20 UTC 2022
New launch at Sun Jul 24 01:41:24 UTC 2022
New launch at Sun Jul 24 01:41:33 UTC 2022
New launch at Sun Jul 24 02:27:08 UTC 2022
New launch at Sun Jul 24 02:57:37 UTC 2022
New launch at Sun Jul 24 03:15:19 UTC 2022
New launch at Sun Jul 24 03:36:53 UTC 2022
New launch at Sun Jul 24 05:27:29 UTC 2022
New launch at Sun Jul 24 06:39:01 UTC 2022
New launch at Sun Jul 24 06:48:55 UTC 2022
New launch at Sun Jul 24 07:42:23 UTC 2022
New launch at Sun Jul 24 07:50:01 UTC 2022
New launch at Sun Jul 24 08:45:32 UTC 2022
New launch at Sun Jul 24 08:49:27 UTC 2022
New launch at Sun Jul 24 09:22:55 UTC 2022
New launch at Sun Jul 24 09:48:36 UTC 2022
New launch at Sun Jul 24 09:57:11 UTC 2022
New launch at Sun Jul 24 10:08:18 UTC 2022
New launch at Sun Jul 24 10:09:56 UTC 2022
New launch at Sun Jul 24 10:10:02 UTC 2022
